<?xml version="1.0" encoding="UTF-8"?>
<testng-results ignored="0" total="1" passed="1" failed="0" skipped="0">
  <reporter-output>
  </reporter-output>
  <suite started-at="2023-07-19T07:12:47 GMT+07:00" name="Default suite" finished-at="2023-07-19T07:12:57 GMT+07:00" duration-ms="10275">
    <groups>
    </groups>
    <test started-at="2023-07-19T07:12:47 GMT+07:00" name="Default test" finished-at="2023-07-19T07:12:57 GMT+07:00" duration-ms="10275">
      <class name="hoantest.SearchFlights_Day16">
        <test-method is-config="true" signature="createDriver(java.lang.String)[pri:0, instance:hoantest.SearchFlights_Day16@4c1909a3]" started-at="2023-07-19T07:12:47 GMT+07:00" name="createDriver" finished-at="2023-07-19T07:12:56 GMT+07:00" duration-ms="9288" status="PASS">
          <params>
            <param index="0">
              <value>
                <![CDATA[chrome]]>
              </value>
            </param>
          </params>
          <reporter-output>
          </reporter-output>
        </test-method> <!-- createDriver -->
        <test-method signature="ChooseDatePicker()[pri:0, instance:hoantest.SearchFlights_Day16@4c1909a3]" started-at="2023-07-19T07:12:56 GMT+07:00" name="ChooseDatePicker" finished-at="2023-07-19T07:12:57 GMT+07:00" duration-ms="637" status="PASS">
          <reporter-output>
          </reporter-output>
        </test-method> <!-- ChooseDatePicker -->
        <test-method is-config="true" signature="closeBrowserTest()[pri:0, instance:hoantest.SearchFlights_Day16@4c1909a3]" started-at="2023-07-19T07:12:57 GMT+07:00" name="closeBrowserTest" finished-at="2023-07-19T07:12:57 GMT+07:00" duration-ms="278" status="PASS">
          <reporter-output>
          </reporter-output>
        </test-method> <!-- closeBrowserTest -->
      </class> <!-- hoantest.SearchFlights_Day16 -->
    </test> <!-- Default test -->
  </suite> <!-- Default suite -->
</testng-results>
